c:\users\burger\documents\école\programmation\laboratoire-2\laboratoire 2\x64\debug\vc143.pdb
c:\users\burger\documents\école\programmation\laboratoire-2\laboratoire 2\x64\debug\vc143.idb
c:\users\burger\documents\école\programmation\laboratoire-2\laboratoire 2\x64\debug\feuillepapier.obj
c:\users\burger\documents\école\programmation\laboratoire-2\laboratoire 2\x64\debug\depot.obj
c:\users\burger\documents\école\programmation\laboratoire-2\laboratoire 2\x64\debug\dechettraiterecyclable.obj
c:\users\burger\documents\école\programmation\laboratoire-2\laboratoire 2\x64\debug\dechettraite.obj
c:\users\burger\documents\école\programmation\laboratoire-2\laboratoire 2\x64\debug\dechettraitenonrecyclable.obj
c:\users\burger\documents\école\programmation\laboratoire-2\laboratoire 2\x64\debug\dechettraitecompostable.obj
c:\users\burger\documents\école\programmation\laboratoire-2\laboratoire 2\x64\debug\dechetmalconcu.obj
c:\users\burger\documents\école\programmation\laboratoire-2\laboratoire 2\x64\debug\dechet.obj
c:\users\burger\documents\école\programmation\laboratoire-2\laboratoire 2\x64\debug\compteur.obj
c:\users\burger\documents\école\programmation\laboratoire-2\laboratoire 2\x64\debug\chargementdechet.obj
c:\users\burger\documents\école\programmation\laboratoire-2\laboratoire 2\x64\debug\chaise.obj
c:\users\burger\documents\école\programmation\laboratoire-2\laboratoire 2\x64\debug\camionvert.obj
c:\users\burger\documents\école\programmation\laboratoire-2\laboratoire 2\x64\debug\camionbrun.obj
c:\users\burger\documents\école\programmation\laboratoire-2\laboratoire 2\x64\debug\camionbleu.obj
c:\users\burger\documents\école\programmation\laboratoire-2\laboratoire 2\x64\debug\camion.obj
c:\users\burger\documents\école\programmation\laboratoire-2\laboratoire 2\x64\debug\bouteillebiere.obj
c:\users\burger\documents\école\programmation\laboratoire-2\laboratoire 2\x64\debug\boitecarton.obj
c:\users\burger\documents\école\programmation\laboratoire-2\laboratoire 2\x64\debug\verrecafe.obj
c:\users\burger\documents\école\programmation\laboratoire-2\laboratoire 2\x64\debug\uqac.obj
c:\users\burger\documents\école\programmation\laboratoire-2\laboratoire 2\x64\debug\sequenceoperations.obj
c:\users\burger\documents\école\programmation\laboratoire-2\laboratoire 2\x64\debug\sacchips.obj
c:\users\burger\documents\école\programmation\laboratoire-2\laboratoire 2\x64\debug\restantnourriture.obj
c:\users\burger\documents\école\programmation\laboratoire-2\laboratoire 2\x64\debug\quelquechose.obj
c:\users\burger\documents\école\programmation\laboratoire-2\laboratoire 2\x64\debug\planteverte.obj
c:\users\burger\documents\école\programmation\laboratoire-2\laboratoire 2\x64\debug\operation6.obj
c:\users\burger\documents\école\programmation\laboratoire-2\laboratoire 2\x64\debug\operation5.obj
c:\users\burger\documents\école\programmation\laboratoire-2\laboratoire 2\x64\debug\operation4.obj
c:\users\burger\documents\école\programmation\laboratoire-2\laboratoire 2\x64\debug\operation3.obj
c:\users\burger\documents\école\programmation\laboratoire-2\laboratoire 2\x64\debug\operation2.obj
c:\users\burger\documents\école\programmation\laboratoire-2\laboratoire 2\x64\debug\operation1.obj
c:\users\burger\documents\école\programmation\laboratoire-2\laboratoire 2\x64\debug\operation.obj
c:\users\burger\documents\école\programmation\laboratoire-2\laboratoire 2\x64\debug\generateursequenceoperations.obj
c:\users\burger\documents\école\programmation\laboratoire-2\laboratoire 2\x64\debug\usinetraitement.obj
c:\users\burger\documents\école\programmation\laboratoire-2\laboratoire 2\x64\debug\operationtraitement.obj
c:\users\burger\documents\école\programmation\laboratoire-2\laboratoire 2\x64\debug\creationdechettraiterecyclable.obj
c:\users\burger\documents\école\programmation\laboratoire-2\laboratoire 2\x64\debug\creationdechettraitenonrecyclable.obj
c:\users\burger\documents\école\programmation\laboratoire-2\laboratoire 2\x64\debug\creationdechettraitecompostable.obj
c:\users\burger\documents\école\programmation\laboratoire-2\laboratoire 2\x64\debug\source.obj
c:\users\burger\documents\école\programmation\laboratoire-2\x64\debug\laboratoire 2.exe
c:\users\burger\documents\école\programmation\laboratoire-2\laboratoire 2\x64\debug\laboratoire 2.ilk
c:\users\burger\documents\école\programmation\laboratoire-2\x64\debug\laboratoire 2.pdb
c:\users\burger\documents\école\programmation\laboratoire-2\laboratoire 2\x64\debug\laboratoire 2.tlog\cl.command.1.tlog
c:\users\burger\documents\école\programmation\laboratoire-2\laboratoire 2\x64\debug\laboratoire 2.tlog\cl.read.1.tlog
c:\users\burger\documents\école\programmation\laboratoire-2\laboratoire 2\x64\debug\laboratoire 2.tlog\cl.write.1.tlog
c:\users\burger\documents\école\programmation\laboratoire-2\laboratoire 2\x64\debug\laboratoire 2.tlog\link.command.1.tlog
c:\users\burger\documents\école\programmation\laboratoire-2\laboratoire 2\x64\debug\laboratoire 2.tlog\link.read.1.tlog
c:\users\burger\documents\école\programmation\laboratoire-2\laboratoire 2\x64\debug\laboratoire 2.tlog\link.write.1.tlog
